<?xml version="1.0" encoding="UTF-8"?>
<testng-results skipped="0" failed="0" ignored="0" total="1" passed="1">
  <reporter-output>
  </reporter-output>
  <suite name="Default suite" duration-ms="31019" started-at="2021-11-21T15:56:42 IST" finished-at="2021-11-21T15:57:13 IST">
    <groups>
    </groups>
    <test name="Default test" duration-ms="31019" started-at="2021-11-21T15:56:42 IST" finished-at="2021-11-21T15:57:13 IST">
      <class name="com.crm.SDET25.Practice.Testcase2">
        <test-method status="PASS" signature="test()[pri:0, instance:com.crm.SDET25.Practice.Testcase2@27a8c74e]" name="test" duration-ms="30958" started-at="2021-11-21T15:56:42 IST" finished-at="2021-11-21T15:57:13 IST">
          <reporter-output>
          </reporter-output>
        </test-method> <!-- test -->
      </class> <!-- com.crm.SDET25.Practice.Testcase2 -->
    </test> <!-- Default test -->
  </suite> <!-- Default suite -->
</testng-results>
